
 No such file or directory/usr/bin/env: ruby2.5: No such file or directory
/usr/bin/env: ruby2.5: No such file or directory
/usr/bin/env: ruby2.5: No such file or directory

/usr/bin/env: ruby2.5: No such file or directory
NOTE: Gem::Specification#rubyforge_project= is deprecated with no replacement. It will be removed on or after 2019-12-01.
Gem::Specification#rubyforge_project= called from /home/vagrant/.rbenv/versions/2.5.7/lib/ruby/gems/2.5.0/specifications/sass-3.7.4.gemspec:21.
NOTE: Gem::Specification#rubyforge_project= is deprecated with no replacement. It will be removed on or after 2019-12-01.
Gem::Specification#rubyforge_project= called from /home/vagrant/.rbenv/versions/2.5.7/lib/ruby/gems/2.5.0/specifications/coderay-1.1.2.gemspec:21.
NOTE: Gem::Specification#rubyforge_project= is deprecated with no replacement. It will be removed on or after 2019-12-01.
Gem::Specification#rubyforge_project= called from /home/vagrant/.rbenv/versions/2.5.7/lib/ruby/gems/2.5.0/specifications/coffee-script-source-1.12.2.gemspec:16.
NOTE: Gem::Specification#rubyforge_project= is deprecated with no replacement. It will be removed on or after 2019-12-01.
Gem::Specification#rubyforge_project= called from /home/vagrant/.rbenv/versions/2.5.7/lib/ruby/gems/2.5.0/specifications/coffee-rails-4.2.2.gemspec:16.
NOTE: Gem::Specification#rubyforge_project= is deprecated with no replacement. It will be removed on or after 2019-12-01.
Gem::Specification#rubyforge_project= called from /home/vagrant/.rbenv/versions/2.5.7/lib/ruby/gems/2.5.0/specifications/orm_adapter-0.5.0.gemspec:16.
NOTE: Gem::Specification#rubyforge_project= is deprecated with no replacement. It will be removed on or after 2019-12-01.
Gem::Specification#rubyforge_project= called from /home/vagrant/.rbenv/versions/2.5.7/lib/ruby/gems/2.5.0/specifications/warden-1.2.8.gemspec:18.
NOTE: Gem::Specification#rubyforge_project= is deprecated with no replacement. It will be removed on or after 2019-12-01.
Gem::Specification#rubyforge_project= called from /home/vagrant/.rbenv/versions/2.5.7/lib/ruby/gems/2.5.0/specifications/sprockets-3.7.2.gemspec:19.
rake aborted!
Don't know how to build task 'UserMailer.notify_user' (See the list of available tasks with `rake --tasks`)
/home/vagrant/.rbenv/versions/2.5.7/bin/bundle:23:in `load'
/home/vagrant/.rbenv/versions/2.5.7/bin/bundle:23:in `<main>'
(See full trace by running task with --trace)
NOTE: Gem::Specification#rubyforge_project= is deprecated with no replacement. It will be removed on or after 2019-12-01.
Gem::Specification#rubyforge_project= called from /home/vagrant/.rbenv/versions/2.5.7/lib/ruby/gems/2.5.0/specifications/sass-3.7.4.gemspec:21.
NOTE: Gem::Specification#rubyforge_project= is deprecated with no replacement. It will be removed on or after 2019-12-01.
Gem::Specification#rubyforge_project= called from /home/vagrant/.rbenv/versions/2.5.7/lib/ruby/gems/2.5.0/specifications/coderay-1.1.2.gemspec:21.
NOTE: Gem::Specification#rubyforge_project= is deprecated with no replacement. It will be removed on or after 2019-12-01.
Gem::Specification#rubyforge_project= called from /home/vagrant/.rbenv/versions/2.5.7/lib/ruby/gems/2.5.0/specifications/coffee-script-source-1.12.2.gemspec:16.
NOTE: Gem::Specification#rubyforge_project= is deprecated with no replacement. It will be removed on or after 2019-12-01.
Gem::Specification#rubyforge_project= called from /home/vagrant/.rbenv/versions/2.5.7/lib/ruby/gems/2.5.0/specifications/coffee-rails-4.2.2.gemspec:16.
NOTE: Gem::Specification#rubyforge_project= is deprecated with no replacement. It will be removed on or after 2019-12-01.
Gem::Specification#rubyforge_project= called from /home/vagrant/.rbenv/versions/2.5.7/lib/ruby/gems/2.5.0/specifications/orm_adapter-0.5.0.gemspec:16.
NOTE: Gem::Specification#rubyforge_project= is deprecated with no replacement. It will be removed on or after 2019-12-01.
Gem::Specification#rubyforge_project= called from /home/vagrant/.rbenv/versions/2.5.7/lib/ruby/gems/2.5.0/specifications/warden-1.2.8.gemspec:18.
NOTE: Gem::Specification#rubyforge_project= is deprecated with no replacement. It will be removed on or after 2019-12-01.
Gem::Specification#rubyforge_project= called from /home/vagrant/.rbenv/versions/2.5.7/lib/ruby/gems/2.5.0/specifications/sprockets-3.7.2.gemspec:19.
rake aborted!
Don't know how to build task 'UserMailer.notify_user' (See the list of available tasks with `rake --tasks`)
/home/vagrant/.rbenv/versions/2.5.7/bin/bundle:23:in `load'
/home/vagrant/.rbenv/versions/2.5.7/bin/bundle:23:in `<main>'
(See full trace by running task with --trace)
NOTE: Gem::Specification#rubyforge_project= is deprecated with no replacement. It will be removed on or after 2019-12-01.
Gem::Specification#rubyforge_project= called from /home/vagrant/.rbenv/versions/2.5.7/lib/ruby/gems/2.5.0/specifications/sass-3.7.4.gemspec:21.
NOTE: Gem::Specification#rubyforge_project= is deprecated with no replacement. It will be removed on or after 2019-12-01.
Gem::Specification#rubyforge_project= called from /home/vagrant/.rbenv/versions/2.5.7/lib/ruby/gems/2.5.0/specifications/coderay-1.1.2.gemspec:21.
NOTE: Gem::Specification#rubyforge_project= is deprecated with no replacement. It will be removed on or after 2019-12-01.
Gem::Specification#rubyforge_project= called from /home/vagrant/.rbenv/versions/2.5.7/lib/ruby/gems/2.5.0/specifications/coffee-script-source-1.12.2.gemspec:16.
NOTE: Gem::Specification#rubyforge_project= is deprecated with no replacement. It will be removed on or after 2019-12-01.
Gem::Specification#rubyforge_project= called from /home/vagrant/.rbenv/versions/2.5.7/lib/ruby/gems/2.5.0/specifications/coffee-rails-4.2.2.gemspec:16.
NOTE: Gem::Specification#rubyforge_project= is deprecated with no replacement. It will be removed on or after 2019-12-01.
Gem::Specification#rubyforge_project= called from /home/vagrant/.rbenv/versions/2.5.7/lib/ruby/gems/2.5.0/specifications/orm_adapter-0.5.0.gemspec:16.
NOTE: Gem::Specification#rubyforge_project= is deprecated with no replacement. It will be removed on or after 2019-12-01.
Gem::Specification#rubyforge_project= called from /home/vagrant/.rbenv/versions/2.5.7/lib/ruby/gems/2.5.0/specifications/warden-1.2.8.gemspec:18.
NOTE: Gem::Specification#rubyforge_project= is deprecated with no replacement. It will be removed on or after 2019-12-01.
Gem::Specification#rubyforge_project= called from /home/vagrant/.rbenv/versions/2.5.7/lib/ruby/gems/2.5.0/specifications/sprockets-3.7.2.gemspec:19.
rake aborted!
Don't know how to build task 'UserMailer.notify_user' (See the list of available tasks with `rake --tasks`)
/home/vagrant/.rbenv/versions/2.5.7/bin/bundle:23:in `load'
/home/vagrant/.rbenv/versions/2.5.7/bin/bundle:23:in `<main>'
(See full trace by running task with --trace)
NOTE: Gem::Specification#rubyforge_project= is deprecated with no replacement. It will be removed on or after 2019-12-01.
Gem::Specification#rubyforge_project= called from /home/vagrant/.rbenv/versions/2.5.7/lib/ruby/gems/2.5.0/specifications/sass-3.7.4.gemspec:21.
NOTE: Gem::Specification#rubyforge_project= is deprecated with no replacement. It will be removed on or after 2019-12-01.
Gem::Specification#rubyforge_project= called from /home/vagrant/.rbenv/versions/2.5.7/lib/ruby/gems/2.5.0/specifications/coderay-1.1.2.gemspec:21.
NOTE: Gem::Specification#rubyforge_project= is deprecated with no replacement. It will be removed on or after 2019-12-01.
Gem::Specification#rubyforge_project= called from /home/vagrant/.rbenv/versions/2.5.7/lib/ruby/gems/2.5.0/specifications/coffee-script-source-1.12.2.gemspec:16.
NOTE: Gem::Specification#rubyforge_project= is deprecated with no replacement. It will be removed on or after 2019-12-01.
Gem::Specification#rubyforge_project= called from /home/vagrant/.rbenv/versions/2.5.7/lib/ruby/gems/2.5.0/specifications/coffee-rails-4.2.2.gemspec:16.
NOTE: Gem::Specification#rubyforge_project= is deprecated with no replacement. It will be removed on or after 2019-12-01.
Gem::Specification#rubyforge_project= called from /home/vagrant/.rbenv/versions/2.5.7/lib/ruby/gems/2.5.0/specifications/orm_adapter-0.5.0.gemspec:16.
NOTE: Gem::Specification#rubyforge_project= is deprecated with no replacement. It will be removed on or after 2019-12-01.
Gem::Specification#rubyforge_project= called from /home/vagrant/.rbenv/versions/2.5.7/lib/ruby/gems/2.5.0/specifications/warden-1.2.8.gemspec:18.
NOTE: Gem::Specification#rubyforge_project= is deprecated with no replacement. It will be removed on or after 2019-12-01.
Gem::Specification#rubyforge_project= called from /home/vagrant/.rbenv/versions/2.5.7/lib/ruby/gems/2.5.0/specifications/sprockets-3.7.2.gemspec:19.
rake aborted!
Don't know how to build task 'UserMailer.notify_user' (See the list of available tasks with `rake --tasks`)
/home/vagrant/.rbenv/versions/2.5.7/bin/bundle:23:in `load'
/home/vagrant/.rbenv/versions/2.5.7/bin/bundle:23:in `<main>'
(See full trace by running task with --trace)
NOTE: Gem::Specification#rubyforge_project= is deprecated with no replacement. It will be removed on or after 2019-12-01.
Gem::Specification#rubyforge_project= called from /home/vagrant/.rbenv/versions/2.5.7/lib/ruby/gems/2.5.0/specifications/sass-3.7.4.gemspec:21.
NOTE: Gem::Specification#rubyforge_project= is deprecated with no replacement. It will be removed on or after 2019-12-01.
Gem::Specification#rubyforge_project= called from /home/vagrant/.rbenv/versions/2.5.7/lib/ruby/gems/2.5.0/specifications/coderay-1.1.2.gemspec:21.
NOTE: Gem::Specification#rubyforge_project= is deprecated with no replacement. It will be removed on or after 2019-12-01.
Gem::Specification#rubyforge_project= called from /home/vagrant/.rbenv/versions/2.5.7/lib/ruby/gems/2.5.0/specifications/coffee-script-source-1.12.2.gemspec:16.
NOTE: Gem::Specification#rubyforge_project= is deprecated with no replacement. It will be removed on or after 2019-12-01.
Gem::Specification#rubyforge_project= called from /home/vagrant/.rbenv/versions/2.5.7/lib/ruby/gems/2.5.0/specifications/coffee-rails-4.2.2.gemspec:16.
NOTE: Gem::Specification#rubyforge_project= is deprecated with no replacement. It will be removed on or after 2019-12-01.
Gem::Specification#rubyforge_project= called from /home/vagrant/.rbenv/versions/2.5.7/lib/ruby/gems/2.5.0/specifications/orm_adapter-0.5.0.gemspec:16.
NOTE: Gem::Specification#rubyforge_project= is deprecated with no replacement. It will be removed on or after 2019-12-01.
Gem::Specification#rubyforge_project= called from /home/vagrant/.rbenv/versions/2.5.7/lib/ruby/gems/2.5.0/specifications/warden-1.2.8.gemspec:18.
NOTE: Gem::Specification#rubyforge_project= is deprecated with no replacement. It will be removed on or after 2019-12-01.
Gem::Specification#rubyforge_project= called from /home/vagrant/.rbenv/versions/2.5.7/lib/ruby/gems/2.5.0/specifications/sprockets-3.7.2.gemspec:19.
rake aborted!
Don't know how to build task 'UserMailer.notify_user' (See the list of available tasks with `rake --tasks`)
/home/vagrant/.rbenv/versions/2.5.7/bin/bundle:23:in `load'
/home/vagrant/.rbenv/versions/2.5.7/bin/bundle:23:in `<main>'
(See full trace by running task with --trace)
NOTE: Gem::Specification#rubyforge_project= is deprecated with no replacement. It will be removed on or after 2019-12-01.
Gem::Specification#rubyforge_project= called from /home/vagrant/.rbenv/versions/2.5.7/lib/ruby/gems/2.5.0/specifications/sass-3.7.4.gemspec:21.
NOTE: Gem::Specification#rubyforge_project= is deprecated with no replacement. It will be removed on or after 2019-12-01.
Gem::Specification#rubyforge_project= called from /home/vagrant/.rbenv/versions/2.5.7/lib/ruby/gems/2.5.0/specifications/coderay-1.1.2.gemspec:21.
NOTE: Gem::Specification#rubyforge_project= is deprecated with no replacement. It will be removed on or after 2019-12-01.
Gem::Specification#rubyforge_project= called from /home/vagrant/.rbenv/versions/2.5.7/lib/ruby/gems/2.5.0/specifications/coffee-script-source-1.12.2.gemspec:16.
NOTE: Gem::Specification#rubyforge_project= is deprecated with no replacement. It will be removed on or after 2019-12-01.
Gem::Specification#rubyforge_project= called from /home/vagrant/.rbenv/versions/2.5.7/lib/ruby/gems/2.5.0/specifications/coffee-rails-4.2.2.gemspec:16.
NOTE: Gem::Specification#rubyforge_project= is deprecated with no replacement. It will be removed on or after 2019-12-01.
Gem::Specification#rubyforge_project= called from /home/vagrant/.rbenv/versions/2.5.7/lib/ruby/gems/2.5.0/specifications/orm_adapter-0.5.0.gemspec:16.
NOTE: Gem::Specification#rubyforge_project= is deprecated with no replacement. It will be removed on or after 2019-12-01.
Gem::Specification#rubyforge_project= called from /home/vagrant/.rbenv/versions/2.5.7/lib/ruby/gems/2.5.0/specifications/warden-1.2.8.gemspec:18.
NOTE: Gem::Specification#rubyforge_project= is deprecated with no replacement. It will be removed on or after 2019-12-01.
Gem::Specification#rubyforge_project= called from /home/vagrant/.rbenv/versions/2.5.7/lib/ruby/gems/2.5.0/specifications/sprockets-3.7.2.gemspec:19.
rake aborted!
Don't know how to build task 'UserMailer.notify_user' (See the list of available tasks with `rake --tasks`)
/home/vagrant/.rbenv/versions/2.5.7/bin/bundle:23:in `load'
/home/vagrant/.rbenv/versions/2.5.7/bin/bundle:23:in `<main>'
(See full trace by running task with --trace)
NOTE: Gem::Specification#rubyforge_project= is deprecated with no replacement. It will be removed on or after 2019-12-01.
Gem::Specification#rubyforge_project= called from /home/vagrant/.rbenv/versions/2.5.7/lib/ruby/gems/2.5.0/specifications/sass-3.7.4.gemspec:21.
NOTE: Gem::Specification#rubyforge_project= is deprecated with no replacement. It will be removed on or after 2019-12-01.
Gem::Specification#rubyforge_project= called from /home/vagrant/.rbenv/versions/2.5.7/lib/ruby/gems/2.5.0/specifications/coderay-1.1.2.gemspec:21.
NOTE: Gem::Specification#rubyforge_project= is deprecated with no replacement. It will be removed on or after 2019-12-01.
Gem::Specification#rubyforge_project= called from /home/vagrant/.rbenv/versions/2.5.7/lib/ruby/gems/2.5.0/specifications/coffee-script-source-1.12.2.gemspec:16.
NOTE: Gem::Specification#rubyforge_project= is deprecated with no replacement. It will be removed on or after 2019-12-01.
Gem::Specification#rubyforge_project= called from /home/vagrant/.rbenv/versions/2.5.7/lib/ruby/gems/2.5.0/specifications/coffee-rails-4.2.2.gemspec:16.
NOTE: Gem::Specification#rubyforge_project= is deprecated with no replacement. It will be removed on or after 2019-12-01.
Gem::Specification#rubyforge_project= called from /home/vagrant/.rbenv/versions/2.5.7/lib/ruby/gems/2.5.0/specifications/orm_adapter-0.5.0.gemspec:16.
NOTE: Gem::Specification#rubyforge_project= is deprecated with no replacement. It will be removed on or after 2019-12-01.
Gem::Specification#rubyforge_project= called from /home/vagrant/.rbenv/versions/2.5.7/lib/ruby/gems/2.5.0/specifications/warden-1.2.8.gemspec:18.
NOTE: Gem::Specification#rubyforge_project= is deprecated with no replacement. It will be removed on or after 2019-12-01.
Gem::Specification#rubyforge_project= called from /home/vagrant/.rbenv/versions/2.5.7/lib/ruby/gems/2.5.0/specifications/sprockets-3.7.2.gemspec:19.
rake aborted!
Don't know how to build task 'UserMailer.notify_user' (See the list of available tasks with `rake --tasks`)
/home/vagrant/.rbenv/versions/2.5.7/bin/bundle:23:in `load'
/home/vagrant/.rbenv/versions/2.5.7/bin/bundle:23:in `<main>'
(See full trace by running task with --trace)
NOTE: Gem::Specification#rubyforge_project= is deprecated with no replacement. It will be removed on or after 2019-12-01.
Gem::Specification#rubyforge_project= called from /home/vagrant/.rbenv/versions/2.5.7/lib/ruby/gems/2.5.0/specifications/sass-3.7.4.gemspec:21.
NOTE: Gem::Specification#rubyforge_project= is deprecated with no replacement. It will be removed on or after 2019-12-01.
Gem::Specification#rubyforge_project= called from /home/vagrant/.rbenv/versions/2.5.7/lib/ruby/gems/2.5.0/specifications/coderay-1.1.2.gemspec:21.
NOTE: Gem::Specification#rubyforge_project= is deprecated with no replacement. It will be removed on or after 2019-12-01.
Gem::Specification#rubyforge_project= called from /home/vagrant/.rbenv/versions/2.5.7/lib/ruby/gems/2.5.0/specifications/coffee-script-source-1.12.2.gemspec:16.
NOTE: Gem::Specification#rubyforge_project= is deprecated with no replacement. It will be removed on or after 2019-12-01.
Gem::Specification#rubyforge_project= called from /home/vagrant/.rbenv/versions/2.5.7/lib/ruby/gems/2.5.0/specifications/coffee-rails-4.2.2.gemspec:16.
NOTE: Gem::Specification#rubyforge_project= is deprecated with no replacement. It will be removed on or after 2019-12-01.
Gem::Specification#rubyforge_project= called from /home/vagrant/.rbenv/versions/2.5.7/lib/ruby/gems/2.5.0/specifications/orm_adapter-0.5.0.gemspec:16.
NOTE: Gem::Specification#rubyforge_project= is deprecated with no replacement. It will be removed on or after 2019-12-01.
Gem::Specification#rubyforge_project= called from /home/vagrant/.rbenv/versions/2.5.7/lib/ruby/gems/2.5.0/specifications/warden-1.2.8.gemspec:18.
NOTE: Gem::Specification#rubyforge_project= is deprecated with no replacement. It will be removed on or after 2019-12-01.
Gem::Specification#rubyforge_project= called from /home/vagrant/.rbenv/versions/2.5.7/lib/ruby/gems/2.5.0/specifications/sprockets-3.7.2.gemspec:19.
rake aborted!
Don't know how to build task 'UserMailer.notify_user' (See the list of available tasks with `rake --tasks`)
/home/vagrant/.rbenv/versions/2.5.7/bin/bundle:23:in `load'
/home/vagrant/.rbenv/versions/2.5.7/bin/bundle:23:in `<main>'
(See full trace by running task with --trace)
NOTE: Gem::Specification#rubyforge_project= is deprecated with no replacement. It will be removed on or after 2019-12-01.
Gem::Specification#rubyforge_project= called from /home/vagrant/.rbenv/versions/2.5.7/lib/ruby/gems/2.5.0/specifications/sass-3.7.4.gemspec:21.
NOTE: Gem::Specification#rubyforge_project= is deprecated with no replacement. It will be removed on or after 2019-12-01.
Gem::Specification#rubyforge_project= called from /home/vagrant/.rbenv/versions/2.5.7/lib/ruby/gems/2.5.0/specifications/coderay-1.1.2.gemspec:21.
NOTE: Gem::Specification#rubyforge_project= is deprecated with no replacement. It will be removed on or after 2019-12-01.
Gem::Specification#rubyforge_project= called from /home/vagrant/.rbenv/versions/2.5.7/lib/ruby/gems/2.5.0/specifications/coffee-script-source-1.12.2.gemspec:16.
NOTE: Gem::Specification#rubyforge_project= is deprecated with no replacement. It will be removed on or after 2019-12-01.
Gem::Specification#rubyforge_project= called from /home/vagrant/.rbenv/versions/2.5.7/lib/ruby/gems/2.5.0/specifications/coffee-rails-4.2.2.gemspec:16.
NOTE: Gem::Specification#rubyforge_project= is deprecated with no replacement. It will be removed on or after 2019-12-01.
Gem::Specification#rubyforge_project= called from /home/vagrant/.rbenv/versions/2.5.7/lib/ruby/gems/2.5.0/specifications/orm_adapter-0.5.0.gemspec:16.
NOTE: Gem::Specification#rubyforge_project= is deprecated with no replacement. It will be removed on or after 2019-12-01.
Gem::Specification#rubyforge_project= called from /home/vagrant/.rbenv/versions/2.5.7/lib/ruby/gems/2.5.0/specifications/warden-1.2.8.gemspec:18.
NOTE: Gem::Specification#rubyforge_project= is deprecated with no replacement. It will be removed on or after 2019-12-01.
Gem::Specification#rubyforge_project= called from /home/vagrant/.rbenv/versions/2.5.7/lib/ruby/gems/2.5.0/specifications/sprockets-3.7.2.gemspec:19.
rake aborted!
Don't know how to build task 'UserMailer.notify_user' (See the list of available tasks with `rake --tasks`)
/home/vagrant/.rbenv/versions/2.5.7/bin/bundle:23:in `load'
/home/vagrant/.rbenv/versions/2.5.7/bin/bundle:23:in `<main>'
(See full trace by running task with --trace)
NOTE: Gem::Specification#rubyforge_project= is deprecated with no replacement. It will be removed on or after 2019-12-01.
Gem::Specification#rubyforge_project= called from /home/vagrant/.rbenv/versions/2.5.7/lib/ruby/gems/2.5.0/specifications/sass-3.7.4.gemspec:21.
NOTE: Gem::Specification#rubyforge_project= is deprecated with no replacement. It will be removed on or after 2019-12-01.
Gem::Specification#rubyforge_project= called from /home/vagrant/.rbenv/versions/2.5.7/lib/ruby/gems/2.5.0/specifications/coderay-1.1.2.gemspec:21.
NOTE: Gem::Specification#rubyforge_project= is deprecated with no replacement. It will be removed on or after 2019-12-01.
Gem::Specification#rubyforge_project= called from /home/vagrant/.rbenv/versions/2.5.7/lib/ruby/gems/2.5.0/specifications/coffee-script-source-1.12.2.gemspec:16.
NOTE: Gem::Specification#rubyforge_project= is deprecated with no replacement. It will be removed on or after 2019-12-01.
Gem::Specification#rubyforge_project= called from /home/vagrant/.rbenv/versions/2.5.7/lib/ruby/gems/2.5.0/specifications/coffee-rails-4.2.2.gemspec:16.
NOTE: Gem::Specification#rubyforge_project= is deprecated with no replacement. It will be removed on or after 2019-12-01.
Gem::Specification#rubyforge_project= called from /home/vagrant/.rbenv/versions/2.5.7/lib/ruby/gems/2.5.0/specifications/orm_adapter-0.5.0.gemspec:16.
NOTE: Gem::Specification#rubyforge_project= is deprecated with no replacement. It will be removed on or after 2019-12-01.
Gem::Specification#rubyforge_project= called from /home/vagrant/.rbenv/versions/2.5.7/lib/ruby/gems/2.5.0/specifications/warden-1.2.8.gemspec:18.
NOTE: Gem::Specification#rubyforge_project= is deprecated with no replacement. It will be removed on or after 2019-12-01.
Gem::Specification#rubyforge_project= called from /home/vagrant/.rbenv/versions/2.5.7/lib/ruby/gems/2.5.0/specifications/sprockets-3.7.2.gemspec:19.
rake aborted!
Don't know how to build task 'UserMailer.notify_user' (See the list of available tasks with `rake --tasks`)
/home/vagrant/.rbenv/versions/2.5.7/bin/bundle:23:in `load'
/home/vagrant/.rbenv/versions/2.5.7/bin/bundle:23:in `<main>'
(See full trace by running task with --trace)
NOTE: Gem::Specification#rubyforge_project= is deprecated with no replacement. It will be removed on or after 2019-12-01.
Gem::Specification#rubyforge_project= called from /home/vagrant/.rbenv/versions/2.5.7/lib/ruby/gems/2.5.0/specifications/sass-3.7.4.gemspec:21.
NOTE: Gem::Specification#rubyforge_project= is deprecated with no replacement. It will be removed on or after 2019-12-01.
Gem::Specification#rubyforge_project= called from /home/vagrant/.rbenv/versions/2.5.7/lib/ruby/gems/2.5.0/specifications/coderay-1.1.2.gemspec:21.
NOTE: Gem::Specification#rubyforge_project= is deprecated with no replacement. It will be removed on or after 2019-12-01.
Gem::Specification#rubyforge_project= called from /home/vagrant/.rbenv/versions/2.5.7/lib/ruby/gems/2.5.0/specifications/coffee-script-source-1.12.2.gemspec:16.
NOTE: Gem::Specification#rubyforge_project= is deprecated with no replacement. It will be removed on or after 2019-12-01.
Gem::Specification#rubyforge_project= called from /home/vagrant/.rbenv/versions/2.5.7/lib/ruby/gems/2.5.0/specifications/coffee-rails-4.2.2.gemspec:16.
NOTE: Gem::Specification#rubyforge_project= is deprecated with no replacement. It will be removed on or after 2019-12-01.
Gem::Specification#rubyforge_project= called from /home/vagrant/.rbenv/versions/2.5.7/lib/ruby/gems/2.5.0/specifications/orm_adapter-0.5.0.gemspec:16.
NOTE: Gem::Specification#rubyforge_project= is deprecated with no replacement. It will be removed on or after 2019-12-01.
Gem::Specification#rubyforge_project= called from /home/vagrant/.rbenv/versions/2.5.7/lib/ruby/gems/2.5.0/specifications/warden-1.2.8.gemspec:18.
NOTE: Gem::Specification#rubyforge_project= is deprecated with no replacement. It will be removed on or after 2019-12-01.
Gem::Specification#rubyforge_project= called from /home/vagrant/.rbenv/versions/2.5.7/lib/ruby/gems/2.5.0/specifications/sprockets-3.7.2.gemspec:19.
rake aborted!
Don't know how to build task 'UserMailer.notify_user' (See the list of available tasks with `rake --tasks`)
/home/vagrant/.rbenv/versions/2.5.7/bin/bundle:23:in `load'
/home/vagrant/.rbenv/versions/2.5.7/bin/bundle:23:in `<main>'
(See full trace by running task with --trace)
NOTE: Gem::Specification#rubyforge_project= is deprecated with no replacement. It will be removed on or after 2019-12-01.
Gem::Specification#rubyforge_project= called from /home/vagrant/.rbenv/versions/2.5.7/lib/ruby/gems/2.5.0/specifications/sass-3.7.4.gemspec:21.
NOTE: Gem::Specification#rubyforge_project= is deprecated with no replacement. It will be removed on or after 2019-12-01.
Gem::Specification#rubyforge_project= called from /home/vagrant/.rbenv/versions/2.5.7/lib/ruby/gems/2.5.0/specifications/coderay-1.1.2.gemspec:21.
NOTE: Gem::Specification#rubyforge_project= is deprecated with no replacement. It will be removed on or after 2019-12-01.
Gem::Specification#rubyforge_project= called from /home/vagrant/.rbenv/versions/2.5.7/lib/ruby/gems/2.5.0/specifications/coffee-script-source-1.12.2.gemspec:16.
NOTE: Gem::Specification#rubyforge_project= is deprecated with no replacement. It will be removed on or after 2019-12-01.
Gem::Specification#rubyforge_project= called from /home/vagrant/.rbenv/versions/2.5.7/lib/ruby/gems/2.5.0/specifications/coffee-rails-4.2.2.gemspec:16.
NOTE: Gem::Specification#rubyforge_project= is deprecated with no replacement. It will be removed on or after 2019-12-01.
Gem::Specification#rubyforge_project= called from /home/vagrant/.rbenv/versions/2.5.7/lib/ruby/gems/2.5.0/specifications/orm_adapter-0.5.0.gemspec:16.
NOTE: Gem::Specification#rubyforge_project= is deprecated with no replacement. It will be removed on or after 2019-12-01.
Gem::Specification#rubyforge_project= called from /home/vagrant/.rbenv/versions/2.5.7/lib/ruby/gems/2.5.0/specifications/warden-1.2.8.gemspec:18.
NOTE: Gem::Specification#rubyforge_project= is deprecated with no replacement. It will be removed on or after 2019-12-01.
Gem::Specification#rubyforge_project= called from /home/vagrant/.rbenv/versions/2.5.7/lib/ruby/gems/2.5.0/specifications/sprockets-3.7.2.gemspec:19.
rake aborted!
Don't know how to build task 'UserMailer.notify_user' (See the list of available tasks with `rake --tasks`)
/home/vagrant/.rbenv/versions/2.5.7/bin/bundle:23:in `load'
/home/vagrant/.rbenv/versions/2.5.7/bin/bundle:23:in `<main>'
(See full trace by running task with --trace)
NOTE: Gem::Specification#rubyforge_project= is deprecated with no replacement. It will be removed on or after 2019-12-01.
Gem::Specification#rubyforge_project= called from /home/vagrant/.rbenv/versions/2.5.7/lib/ruby/gems/2.5.0/specifications/sass-3.7.4.gemspec:21.
NOTE: Gem::Specification#rubyforge_project= is deprecated with no replacement. It will be removed on or after 2019-12-01.
Gem::Specification#rubyforge_project= called from /home/vagrant/.rbenv/versions/2.5.7/lib/ruby/gems/2.5.0/specifications/coderay-1.1.2.gemspec:21.
NOTE: Gem::Specification#rubyforge_project= is deprecated with no replacement. It will be removed on or after 2019-12-01.
Gem::Specification#rubyforge_project= called from /home/vagrant/.rbenv/versions/2.5.7/lib/ruby/gems/2.5.0/specifications/coffee-script-source-1.12.2.gemspec:16.
NOTE: Gem::Specification#rubyforge_project= is deprecated with no replacement. It will be removed on or after 2019-12-01.
Gem::Specification#rubyforge_project= called from /home/vagrant/.rbenv/versions/2.5.7/lib/ruby/gems/2.5.0/specifications/coffee-rails-4.2.2.gemspec:16.
NOTE: Gem::Specification#rubyforge_project= is deprecated with no replacement. It will be removed on or after 2019-12-01.
Gem::Specification#rubyforge_project= called from /home/vagrant/.rbenv/versions/2.5.7/lib/ruby/gems/2.5.0/specifications/orm_adapter-0.5.0.gemspec:16.
NOTE: Gem::Specification#rubyforge_project= is deprecated with no replacement. It will be removed on or after 2019-12-01.
Gem::Specification#rubyforge_project= called from /home/vagrant/.rbenv/versions/2.5.7/lib/ruby/gems/2.5.0/specifications/warden-1.2.8.gemspec:18.
NOTE: Gem::Specification#rubyforge_project= is deprecated with no replacement. It will be removed on or after 2019-12-01.
Gem::Specification#rubyforge_project= called from /home/vagrant/.rbenv/versions/2.5.7/lib/ruby/gems/2.5.0/specifications/sprockets-3.7.2.gemspec:19.
rake aborted!
Don't know how to build task 'UserMailer.notify_user' (See the list of available tasks with `rake --tasks`)
/home/vagrant/.rbenv/versions/2.5.7/bin/bundle:23:in `load'
/home/vagrant/.rbenv/versions/2.5.7/bin/bundle:23:in `<main>'
(See full trace by running task with --trace)
NOTE: Gem::Specification#rubyforge_project= is deprecated with no replacement. It will be removed on or after 2019-12-01.
Gem::Specification#rubyforge_project= called from /home/vagrant/.rbenv/versions/2.5.7/lib/ruby/gems/2.5.0/specifications/sass-3.7.4.gemspec:21.
NOTE: Gem::Specification#rubyforge_project= is deprecated with no replacement. It will be removed on or after 2019-12-01.
Gem::Specification#rubyforge_project= called from /home/vagrant/.rbenv/versions/2.5.7/lib/ruby/gems/2.5.0/specifications/coderay-1.1.2.gemspec:21.
NOTE: Gem::Specification#rubyforge_project= is deprecated with no replacement. It will be removed on or after 2019-12-01.
Gem::Specification#rubyforge_project= called from /home/vagrant/.rbenv/versions/2.5.7/lib/ruby/gems/2.5.0/specifications/coffee-script-source-1.12.2.gemspec:16.
NOTE: Gem::Specification#rubyforge_project= is deprecated with no replacement. It will be removed on or after 2019-12-01.
Gem::Specification#rubyforge_project= called from /home/vagrant/.rbenv/versions/2.5.7/lib/ruby/gems/2.5.0/specifications/coffee-rails-4.2.2.gemspec:16.
NOTE: Gem::Specification#rubyforge_project= is deprecated with no replacement. It will be removed on or after 2019-12-01.
Gem::Specification#rubyforge_project= called from /home/vagrant/.rbenv/versions/2.5.7/lib/ruby/gems/2.5.0/specifications/orm_adapter-0.5.0.gemspec:16.
NOTE: Gem::Specification#rubyforge_project= is deprecated with no replacement. It will be removed on or after 2019-12-01.
Gem::Specification#rubyforge_project= called from /home/vagrant/.rbenv/versions/2.5.7/lib/ruby/gems/2.5.0/specifications/warden-1.2.8.gemspec:18.
NOTE: Gem::Specification#rubyforge_project= is deprecated with no replacement. It will be removed on or after 2019-12-01.
Gem::Specification#rubyforge_project= called from /home/vagrant/.rbenv/versions/2.5.7/lib/ruby/gems/2.5.0/specifications/sprockets-3.7.2.gemspec:19.
rake aborted!
Don't know how to build task 'UserMailer.notify_user' (See the list of available tasks with `rake --tasks`)
/home/vagrant/.rbenv/versions/2.5.7/bin/bundle:23:in `load'
/home/vagrant/.rbenv/versions/2.5.7/bin/bundle:23:in `<main>'
(See full trace by running task with --trace)
NOTE: Gem::Specification#rubyforge_project= is deprecated with no replacement. It will be removed on or after 2019-12-01.
Gem::Specification#rubyforge_project= called from /home/vagrant/.rbenv/versions/2.5.7/lib/ruby/gems/2.5.0/specifications/sass-3.7.4.gemspec:21.
NOTE: Gem::Specification#rubyforge_project= is deprecated with no replacement. It will be removed on or after 2019-12-01.
Gem::Specification#rubyforge_project= called from /home/vagrant/.rbenv/versions/2.5.7/lib/ruby/gems/2.5.0/specifications/coderay-1.1.2.gemspec:21.
NOTE: Gem::Specification#rubyforge_project= is deprecated with no replacement. It will be removed on or after 2019-12-01.
Gem::Specification#rubyforge_project= called from /home/vagrant/.rbenv/versions/2.5.7/lib/ruby/gems/2.5.0/specifications/coffee-script-source-1.12.2.gemspec:16.
NOTE: Gem::Specification#rubyforge_project= is deprecated with no replacement. It will be removed on or after 2019-12-01.
Gem::Specification#rubyforge_project= called from /home/vagrant/.rbenv/versions/2.5.7/lib/ruby/gems/2.5.0/specifications/coffee-rails-4.2.2.gemspec:16.
NOTE: Gem::Specification#rubyforge_project= is deprecated with no replacement. It will be removed on or after 2019-12-01.
Gem::Specification#rubyforge_project= called from /home/vagrant/.rbenv/versions/2.5.7/lib/ruby/gems/2.5.0/specifications/orm_adapter-0.5.0.gemspec:16.
NOTE: Gem::Specification#rubyforge_project= is deprecated with no replacement. It will be removed on or after 2019-12-01.
Gem::Specification#rubyforge_project= called from /home/vagrant/.rbenv/versions/2.5.7/lib/ruby/gems/2.5.0/specifications/warden-1.2.8.gemspec:18.
NOTE: Gem::Specification#rubyforge_project= is deprecated with no replacement. It will be removed on or after 2019-12-01.
Gem::Specification#rubyforge_project= called from /home/vagrant/.rbenv/versions/2.5.7/lib/ruby/gems/2.5.0/specifications/sprockets-3.7.2.gemspec:19.
rake aborted!
Don't know how to build task 'UserMailer.notify_user' (See the list of available tasks with `rake --tasks`)
/home/vagrant/.rbenv/versions/2.5.7/bin/bundle:23:in `load'
/home/vagrant/.rbenv/versions/2.5.7/bin/bundle:23:in `<main>'
(See full trace by running task with --trace)
NOTE: Gem::Specification#rubyforge_project= is deprecated with no replacement. It will be removed on or after 2019-12-01.
Gem::Specification#rubyforge_project= called from /home/vagrant/.rbenv/versions/2.5.7/lib/ruby/gems/2.5.0/specifications/sass-3.7.4.gemspec:21.
NOTE: Gem::Specification#rubyforge_project= is deprecated with no replacement. It will be removed on or after 2019-12-01.
Gem::Specification#rubyforge_project= called from /home/vagrant/.rbenv/versions/2.5.7/lib/ruby/gems/2.5.0/specifications/coderay-1.1.2.gemspec:21.
NOTE: Gem::Specification#rubyforge_project= is deprecated with no replacement. It will be removed on or after 2019-12-01.
Gem::Specification#rubyforge_project= called from /home/vagrant/.rbenv/versions/2.5.7/lib/ruby/gems/2.5.0/specifications/coffee-script-source-1.12.2.gemspec:16.
NOTE: Gem::Specification#rubyforge_project= is deprecated with no replacement. It will be removed on or after 2019-12-01.
Gem::Specification#rubyforge_project= called from /home/vagrant/.rbenv/versions/2.5.7/lib/ruby/gems/2.5.0/specifications/coffee-rails-4.2.2.gemspec:16.
NOTE: Gem::Specification#rubyforge_project= is deprecated with no replacement. It will be removed on or after 2019-12-01.
Gem::Specification#rubyforge_project= called from /home/vagrant/.rbenv/versions/2.5.7/lib/ruby/gems/2.5.0/specifications/orm_adapter-0.5.0.gemspec:16.
NOTE: Gem::Specification#rubyforge_project= is deprecated with no replacement. It will be removed on or after 2019-12-01.
Gem::Specification#rubyforge_project= called from /home/vagrant/.rbenv/versions/2.5.7/lib/ruby/gems/2.5.0/specifications/warden-1.2.8.gemspec:18.
NOTE: Gem::Specification#rubyforge_project= is deprecated with no replacement. It will be removed on or after 2019-12-01.
Gem::Specification#rubyforge_project= called from /home/vagrant/.rbenv/versions/2.5.7/lib/ruby/gems/2.5.0/specifications/sprockets-3.7.2.gemspec:19.
rake aborted!
Don't know how to build task 'UserMailer.notify_user' (See the list of available tasks with `rake --tasks`)
/home/vagrant/.rbenv/versions/2.5.7/bin/bundle:23:in `load'
/home/vagrant/.rbenv/versions/2.5.7/bin/bundle:23:in `<main>'
(See full trace by running task with --trace)
NOTE: Gem::Specification#rubyforge_project= is deprecated with no replacement. It will be removed on or after 2019-12-01.
Gem::Specification#rubyforge_project= called from /home/vagrant/.rbenv/versions/2.5.7/lib/ruby/gems/2.5.0/specifications/sass-3.7.4.gemspec:21.
NOTE: Gem::Specification#rubyforge_project= is deprecated with no replacement. It will be removed on or after 2019-12-01.
Gem::Specification#rubyforge_project= called from /home/vagrant/.rbenv/versions/2.5.7/lib/ruby/gems/2.5.0/specifications/coderay-1.1.2.gemspec:21.
NOTE: Gem::Specification#rubyforge_project= is deprecated with no replacement. It will be removed on or after 2019-12-01.
Gem::Specification#rubyforge_project= called from /home/vagrant/.rbenv/versions/2.5.7/lib/ruby/gems/2.5.0/specifications/coffee-script-source-1.12.2.gemspec:16.
NOTE: Gem::Specification#rubyforge_project= is deprecated with no replacement. It will be removed on or after 2019-12-01.
Gem::Specification#rubyforge_project= called from /home/vagrant/.rbenv/versions/2.5.7/lib/ruby/gems/2.5.0/specifications/coffee-rails-4.2.2.gemspec:16.
NOTE: Gem::Specification#rubyforge_project= is deprecated with no replacement. It will be removed on or after 2019-12-01.
Gem::Specification#rubyforge_project= called from /home/vagrant/.rbenv/versions/2.5.7/lib/ruby/gems/2.5.0/specifications/orm_adapter-0.5.0.gemspec:16.
NOTE: Gem::Specification#rubyforge_project= is deprecated with no replacement. It will be removed on or after 2019-12-01.
Gem::Specification#rubyforge_project= called from /home/vagrant/.rbenv/versions/2.5.7/lib/ruby/gems/2.5.0/specifications/warden-1.2.8.gemspec:18.
NOTE: Gem::Specification#rubyforge_project= is deprecated with no replacement. It will be removed on or after 2019-12-01.
Gem::Specification#rubyforge_project= called from /home/vagrant/.rbenv/versions/2.5.7/lib/ruby/gems/2.5.0/specifications/sprockets-3.7.2.gemspec:19.
rake aborted!
Don't know how to build task 'UserMailer.notify_user' (See the list of available tasks with `rake --tasks`)
/home/vagrant/.rbenv/versions/2.5.7/bin/bundle:23:in `load'
/home/vagrant/.rbenv/versions/2.5.7/bin/bundle:23:in `<main>'
(See full trace by running task with --trace)
NOTE: Gem::Specification#rubyforge_project= is deprecated with no replacement. It will be removed on or after 2019-12-01.
Gem::Specification#rubyforge_project= called from /home/vagrant/.rbenv/versions/2.5.7/lib/ruby/gems/2.5.0/specifications/sass-3.7.4.gemspec:21.
NOTE: Gem::Specification#rubyforge_project= is deprecated with no replacement. It will be removed on or after 2019-12-01.
Gem::Specification#rubyforge_project= called from /home/vagrant/.rbenv/versions/2.5.7/lib/ruby/gems/2.5.0/specifications/coderay-1.1.2.gemspec:21.
NOTE: Gem::Specification#rubyforge_project= is deprecated with no replacement. It will be removed on or after 2019-12-01.
Gem::Specification#rubyforge_project= called from /home/vagrant/.rbenv/versions/2.5.7/lib/ruby/gems/2.5.0/specifications/coffee-script-source-1.12.2.gemspec:16.
NOTE: Gem::Specification#rubyforge_project= is deprecated with no replacement. It will be removed on or after 2019-12-01.
Gem::Specification#rubyforge_project= called from /home/vagrant/.rbenv/versions/2.5.7/lib/ruby/gems/2.5.0/specifications/coffee-rails-4.2.2.gemspec:16.
NOTE: Gem::Specification#rubyforge_project= is deprecated with no replacement. It will be removed on or after 2019-12-01.
Gem::Specification#rubyforge_project= called from /home/vagrant/.rbenv/versions/2.5.7/lib/ruby/gems/2.5.0/specifications/orm_adapter-0.5.0.gemspec:16.
NOTE: Gem::Specification#rubyforge_project= is deprecated with no replacement. It will be removed on or after 2019-12-01.
Gem::Specification#rubyforge_project= called from /home/vagrant/.rbenv/versions/2.5.7/lib/ruby/gems/2.5.0/specifications/warden-1.2.8.gemspec:18.
NOTE: Gem::Specification#rubyforge_project= is deprecated with no replacement. It will be removed on or after 2019-12-01.
Gem::Specification#rubyforge_project= called from /home/vagrant/.rbenv/versions/2.5.7/lib/ruby/gems/2.5.0/specifications/sprockets-3.7.2.gemspec:19.
rake aborted!
Don't know how to build task 'UserMailer.notify_user' (See the list of available tasks with `rake --tasks`)
/home/vagrant/.rbenv/versions/2.5.7/bin/bundle:23:in `load'
/home/vagrant/.rbenv/versions/2.5.7/bin/bundle:23:in `<main>'
(See full trace by running task with --trace)
NOTE: Gem::Specification#rubyforge_project= is deprecated with no replacement. It will be removed on or after 2019-12-01.
Gem::Specification#rubyforge_project= called from /home/vagrant/.rbenv/versions/2.5.7/lib/ruby/gems/2.5.0/specifications/sass-3.7.4.gemspec:21.
NOTE: Gem::Specification#rubyforge_project= is deprecated with no replacement. It will be removed on or after 2019-12-01.
Gem::Specification#rubyforge_project= called from /home/vagrant/.rbenv/versions/2.5.7/lib/ruby/gems/2.5.0/specifications/coderay-1.1.2.gemspec:21.
NOTE: Gem::Specification#rubyforge_project= is deprecated with no replacement. It will be removed on or after 2019-12-01.
Gem::Specification#rubyforge_project= called from /home/vagrant/.rbenv/versions/2.5.7/lib/ruby/gems/2.5.0/specifications/coffee-script-source-1.12.2.gemspec:16.
NOTE: Gem::Specification#rubyforge_project= is deprecated with no replacement. It will be removed on or after 2019-12-01.
Gem::Specification#rubyforge_project= called from /home/vagrant/.rbenv/versions/2.5.7/lib/ruby/gems/2.5.0/specifications/coffee-rails-4.2.2.gemspec:16.
NOTE: Gem::Specification#rubyforge_project= is deprecated with no replacement. It will be removed on or after 2019-12-01.
Gem::Specification#rubyforge_project= called from /home/vagrant/.rbenv/versions/2.5.7/lib/ruby/gems/2.5.0/specifications/orm_adapter-0.5.0.gemspec:16.
NOTE: Gem::Specification#rubyforge_project= is deprecated with no replacement. It will be removed on or after 2019-12-01.
Gem::Specification#rubyforge_project= called from /home/vagrant/.rbenv/versions/2.5.7/lib/ruby/gems/2.5.0/specifications/warden-1.2.8.gemspec:18.
NOTE: Gem::Specification#rubyforge_project= is deprecated with no replacement. It will be removed on or after 2019-12-01.
Gem::Specification#rubyforge_project= called from /home/vagrant/.rbenv/versions/2.5.7/lib/ruby/gems/2.5.0/specifications/sprockets-3.7.2.gemspec:19.
rake aborted!
Don't know how to build task 'UserMailer.notify_user' (See the list of available tasks with `rake --tasks`)
/home/vagrant/.rbenv/versions/2.5.7/bin/bundle:23:in `load'
/home/vagrant/.rbenv/versions/2.5.7/bin/bundle:23:in `<main>'
(See full trace by running task with --trace)
NOTE: Gem::Specification#rubyforge_project= is deprecated with no replacement. It will be removed on or after 2019-12-01.
Gem::Specification#rubyforge_project= called from /home/vagrant/.rbenv/versions/2.5.7/lib/ruby/gems/2.5.0/specifications/sass-3.7.4.gemspec:21.
NOTE: Gem::Specification#rubyforge_project= is deprecated with no replacement. It will be removed on or after 2019-12-01.
Gem::Specification#rubyforge_project= called from /home/vagrant/.rbenv/versions/2.5.7/lib/ruby/gems/2.5.0/specifications/coderay-1.1.2.gemspec:21.
NOTE: Gem::Specification#rubyforge_project= is deprecated with no replacement. It will be removed on or after 2019-12-01.
Gem::Specification#rubyforge_project= called from /home/vagrant/.rbenv/versions/2.5.7/lib/ruby/gems/2.5.0/specifications/coffee-script-source-1.12.2.gemspec:16.
NOTE: Gem::Specification#rubyforge_project= is deprecated with no replacement. It will be removed on or after 2019-12-01.
Gem::Specification#rubyforge_project= called from /home/vagrant/.rbenv/versions/2.5.7/lib/ruby/gems/2.5.0/specifications/coffee-rails-4.2.2.gemspec:16.
NOTE: Gem::Specification#rubyforge_project= is deprecated with no replacement. It will be removed on or after 2019-12-01.
Gem::Specification#rubyforge_project= called from /home/vagrant/.rbenv/versions/2.5.7/lib/ruby/gems/2.5.0/specifications/orm_adapter-0.5.0.gemspec:16.
NOTE: Gem::Specification#rubyforge_project= is deprecated with no replacement. It will be removed on or after 2019-12-01.
Gem::Specification#rubyforge_project= called from /home/vagrant/.rbenv/versions/2.5.7/lib/ruby/gems/2.5.0/specifications/warden-1.2.8.gemspec:18.
NOTE: Gem::Specification#rubyforge_project= is deprecated with no replacement. It will be removed on or after 2019-12-01.
Gem::Specification#rubyforge_project= called from /home/vagrant/.rbenv/versions/2.5.7/lib/ruby/gems/2.5.0/specifications/sprockets-3.7.2.gemspec:19.
rake aborted!
Don't know how to build task 'UserMailer.notify_user' (See the list of available tasks with `rake --tasks`)
/home/vagrant/.rbenv/versions/2.5.7/bin/bundle:23:in `load'
/home/vagrant/.rbenv/versions/2.5.7/bin/bundle:23:in `<main>'
(See full trace by running task with --trace)
NOTE: Gem::Specification#rubyforge_project= is deprecated with no replacement. It will be removed on or after 2019-12-01.
Gem::Specification#rubyforge_project= called from /home/vagrant/.rbenv/versions/2.5.7/lib/ruby/gems/2.5.0/specifications/sass-3.7.4.gemspec:21.
NOTE: Gem::Specification#rubyforge_project= is deprecated with no replacement. It will be removed on or after 2019-12-01.
Gem::Specification#rubyforge_project= called from /home/vagrant/.rbenv/versions/2.5.7/lib/ruby/gems/2.5.0/specifications/coderay-1.1.2.gemspec:21.
NOTE: Gem::Specification#rubyforge_project= is deprecated with no replacement. It will be removed on or after 2019-12-01.
Gem::Specification#rubyforge_project= called from /home/vagrant/.rbenv/versions/2.5.7/lib/ruby/gems/2.5.0/specifications/coffee-script-source-1.12.2.gemspec:16.
NOTE: Gem::Specification#rubyforge_project= is deprecated with no replacement. It will be removed on or after 2019-12-01.
Gem::Specification#rubyforge_project= called from /home/vagrant/.rbenv/versions/2.5.7/lib/ruby/gems/2.5.0/specifications/coffee-rails-4.2.2.gemspec:16.
NOTE: Gem::Specification#rubyforge_project= is deprecated with no replacement. It will be removed on or after 2019-12-01.
Gem::Specification#rubyforge_project= called from /home/vagrant/.rbenv/versions/2.5.7/lib/ruby/gems/2.5.0/specifications/orm_adapter-0.5.0.gemspec:16.
NOTE: Gem::Specification#rubyforge_project= is deprecated with no replacement. It will be removed on or after 2019-12-01.
Gem::Specification#rubyforge_project= called from /home/vagrant/.rbenv/versions/2.5.7/lib/ruby/gems/2.5.0/specifications/warden-1.2.8.gemspec:18.
NOTE: Gem::Specification#rubyforge_project= is deprecated with no replacement. It will be removed on or after 2019-12-01.
Gem::Specification#rubyforge_project= called from /home/vagrant/.rbenv/versions/2.5.7/lib/ruby/gems/2.5.0/specifications/sprockets-3.7.2.gemspec:19.
NOTE: Gem::Specification#rubyforge_project= is deprecated with no replacement. It will be removed on or after 2019-12-01.
Gem::Specification#rubyforge_project= called from /home/vagrant/.rbenv/versions/2.5.7/lib/ruby/gems/2.5.0/specifications/sass-3.7.4.gemspec:21.
NOTE: Gem::Specification#rubyforge_project= is deprecated with no replacement. It will be removed on or after 2019-12-01.
Gem::Specification#rubyforge_project= called from /home/vagrant/.rbenv/versions/2.5.7/lib/ruby/gems/2.5.0/specifications/coderay-1.1.2.gemspec:21.
NOTE: Gem::Specification#rubyforge_project= is deprecated with no replacement. It will be removed on or after 2019-12-01.
Gem::Specification#rubyforge_project= called from /home/vagrant/.rbenv/versions/2.5.7/lib/ruby/gems/2.5.0/specifications/coffee-script-source-1.12.2.gemspec:16.
NOTE: Gem::Specification#rubyforge_project= is deprecated with no replacement. It will be removed on or after 2019-12-01.
Gem::Specification#rubyforge_project= called from /home/vagrant/.rbenv/versions/2.5.7/lib/ruby/gems/2.5.0/specifications/coffee-rails-4.2.2.gemspec:16.
NOTE: Gem::Specification#rubyforge_project= is deprecated with no replacement. It will be removed on or after 2019-12-01.
Gem::Specification#rubyforge_project= called from /home/vagrant/.rbenv/versions/2.5.7/lib/ruby/gems/2.5.0/specifications/orm_adapter-0.5.0.gemspec:16.
NOTE: Gem::Specification#rubyforge_project= is deprecated with no replacement. It will be removed on or after 2019-12-01.
Gem::Specification#rubyforge_project= called from /home/vagrant/.rbenv/versions/2.5.7/lib/ruby/gems/2.5.0/specifications/warden-1.2.8.gemspec:18.
NOTE: Gem::Specification#rubyforge_project= is deprecated with no replacement. It will be removed on or after 2019-12-01.
Gem::Specification#rubyforge_project= called from /home/vagrant/.rbenv/versions/2.5.7/lib/ruby/gems/2.5.0/specifications/sprockets-3.7.2.gemspec:19.
NOTE: Gem::Specification#rubyforge_project= is deprecated with no replacement. It will be removed on or after 2019-12-01.
Gem::Specification#rubyforge_project= called from /home/vagrant/.rbenv/versions/2.5.7/lib/ruby/gems/2.5.0/specifications/sass-3.7.4.gemspec:21.
NOTE: Gem::Specification#rubyforge_project= is deprecated with no replacement. It will be removed on or after 2019-12-01.
Gem::Specification#rubyforge_project= called from /home/vagrant/.rbenv/versions/2.5.7/lib/ruby/gems/2.5.0/specifications/coderay-1.1.2.gemspec:21.
NOTE: Gem::Specification#rubyforge_project= is deprecated with no replacement. It will be removed on or after 2019-12-01.
Gem::Specification#rubyforge_project= called from /home/vagrant/.rbenv/versions/2.5.7/lib/ruby/gems/2.5.0/specifications/coffee-script-source-1.12.2.gemspec:16.
NOTE: Gem::Specification#rubyforge_project= is deprecated with no replacement. It will be removed on or after 2019-12-01.
Gem::Specification#rubyforge_project= called from /home/vagrant/.rbenv/versions/2.5.7/lib/ruby/gems/2.5.0/specifications/coffee-rails-4.2.2.gemspec:16.
NOTE: Gem::Specification#rubyforge_project= is deprecated with no replacement. It will be removed on or after 2019-12-01.
Gem::Specification#rubyforge_project= called from /home/vagrant/.rbenv/versions/2.5.7/lib/ruby/gems/2.5.0/specifications/orm_adapter-0.5.0.gemspec:16.
NOTE: Gem::Specification#rubyforge_project= is deprecated with no replacement. It will be removed on or after 2019-12-01.
Gem::Specification#rubyforge_project= called from /home/vagrant/.rbenv/versions/2.5.7/lib/ruby/gems/2.5.0/specifications/warden-1.2.8.gemspec:18.
NOTE: Gem::Specification#rubyforge_project= is deprecated with no replacement. It will be removed on or after 2019-12-01.
Gem::Specification#rubyforge_project= called from /home/vagrant/.rbenv/versions/2.5.7/lib/ruby/gems/2.5.0/specifications/sprockets-3.7.2.gemspec:19.
NOTE: Gem::Specification#rubyforge_project= is deprecated with no replacement. It will be removed on or after 2019-12-01.
Gem::Specification#rubyforge_project= called from /home/vagrant/.rbenv/versions/2.5.7/lib/ruby/gems/2.5.0/specifications/sass-3.7.4.gemspec:21.
NOTE: Gem::Specification#rubyforge_project= is deprecated with no replacement. It will be removed on or after 2019-12-01.
Gem::Specification#rubyforge_project= called from /home/vagrant/.rbenv/versions/2.5.7/lib/ruby/gems/2.5.0/specifications/coderay-1.1.2.gemspec:21.
NOTE: Gem::Specification#rubyforge_project= is deprecated with no replacement. It will be removed on or after 2019-12-01.
Gem::Specification#rubyforge_project= called from /home/vagrant/.rbenv/versions/2.5.7/lib/ruby/gems/2.5.0/specifications/coffee-script-source-1.12.2.gemspec:16.
NOTE: Gem::Specification#rubyforge_project= is deprecated with no replacement. It will be removed on or after 2019-12-01.
Gem::Specification#rubyforge_project= called from /home/vagrant/.rbenv/versions/2.5.7/lib/ruby/gems/2.5.0/specifications/coffee-rails-4.2.2.gemspec:16.
NOTE: Gem::Specification#rubyforge_project= is deprecated with no replacement. It will be removed on or after 2019-12-01.
Gem::Specification#rubyforge_project= called from /home/vagrant/.rbenv/versions/2.5.7/lib/ruby/gems/2.5.0/specifications/orm_adapter-0.5.0.gemspec:16.
NOTE: Gem::Specification#rubyforge_project= is deprecated with no replacement. It will be removed on or after 2019-12-01.
Gem::Specification#rubyforge_project= called from /home/vagrant/.rbenv/versions/2.5.7/lib/ruby/gems/2.5.0/specifications/warden-1.2.8.gemspec:18.
NOTE: Gem::Specification#rubyforge_project= is deprecated with no replacement. It will be removed on or after 2019-12-01.
Gem::Specification#rubyforge_project= called from /home/vagrant/.rbenv/versions/2.5.7/lib/ruby/gems/2.5.0/specifications/sprockets-3.7.2.gemspec:19.
rake aborted!
NoMethodError: undefined method `default' for #<UserMailer:0x0000000004a2d8a8>
/home/vagrant/work/second-month/task2-10/app/mailers/user_mailer.rb:15:in `notify_user'
/home/vagrant/work/second-month/task2-10/lib/tasks/mail.rake:4:in `block (2 levels) in <top (required)>'
/home/vagrant/.rbenv/versions/2.5.7/bin/bundle:23:in `load'
/home/vagrant/.rbenv/versions/2.5.7/bin/bundle:23:in `<main>'
Tasks: TOP => mail:sample
(See full trace by running task with --trace)
NOTE: Gem::Specification#rubyforge_project= is deprecated with no replacement. It will be removed on or after 2019-12-01.
Gem::Specification#rubyforge_project= called from /home/vagrant/.rbenv/versions/2.5.7/lib/ruby/gems/2.5.0/specifications/sass-3.7.4.gemspec:21.
NOTE: Gem::Specification#rubyforge_project= is deprecated with no replacement. It will be removed on or after 2019-12-01.
Gem::Specification#rubyforge_project= called from /home/vagrant/.rbenv/versions/2.5.7/lib/ruby/gems/2.5.0/specifications/coderay-1.1.2.gemspec:21.
NOTE: Gem::Specification#rubyforge_project= is deprecated with no replacement. It will be removed on or after 2019-12-01.
Gem::Specification#rubyforge_project= called from /home/vagrant/.rbenv/versions/2.5.7/lib/ruby/gems/2.5.0/specifications/coffee-script-source-1.12.2.gemspec:16.
NOTE: Gem::Specification#rubyforge_project= is deprecated with no replacement. It will be removed on or after 2019-12-01.
Gem::Specification#rubyforge_project= called from /home/vagrant/.rbenv/versions/2.5.7/lib/ruby/gems/2.5.0/specifications/coffee-rails-4.2.2.gemspec:16.
NOTE: Gem::Specification#rubyforge_project= is deprecated with no replacement. It will be removed on or after 2019-12-01.
Gem::Specification#rubyforge_project= called from /home/vagrant/.rbenv/versions/2.5.7/lib/ruby/gems/2.5.0/specifications/orm_adapter-0.5.0.gemspec:16.
NOTE: Gem::Specification#rubyforge_project= is deprecated with no replacement. It will be removed on or after 2019-12-01.
Gem::Specification#rubyforge_project= called from /home/vagrant/.rbenv/versions/2.5.7/lib/ruby/gems/2.5.0/specifications/warden-1.2.8.gemspec:18.
NOTE: Gem::Specification#rubyforge_project= is deprecated with no replacement. It will be removed on or after 2019-12-01.
Gem::Specification#rubyforge_project= called from /home/vagrant/.rbenv/versions/2.5.7/lib/ruby/gems/2.5.0/specifications/sprockets-3.7.2.gemspec:19.
rake aborted!
NoMethodError: undefined method `default' for #<UserMailer:0x00000000064e5470>
/home/vagrant/work/second-month/task2-10/app/mailers/user_mailer.rb:15:in `notify_user'
/home/vagrant/work/second-month/task2-10/lib/tasks/mail.rake:4:in `block (2 levels) in <top (required)>'
/home/vagrant/.rbenv/versions/2.5.7/bin/bundle:23:in `load'
/home/vagrant/.rbenv/versions/2.5.7/bin/bundle:23:in `<main>'
Tasks: TOP => mail:sample
(See full trace by running task with --trace)
NOTE: Gem::Specification#rubyforge_project= is deprecated with no replacement. It will be removed on or after 2019-12-01.
Gem::Specification#rubyforge_project= called from /home/vagrant/.rbenv/versions/2.5.7/lib/ruby/gems/2.5.0/specifications/sass-3.7.4.gemspec:21.
NOTE: Gem::Specification#rubyforge_project= is deprecated with no replacement. It will be removed on or after 2019-12-01.
Gem::Specification#rubyforge_project= called from /home/vagrant/.rbenv/versions/2.5.7/lib/ruby/gems/2.5.0/specifications/coderay-1.1.2.gemspec:21.
NOTE: Gem::Specification#rubyforge_project= is deprecated with no replacement. It will be removed on or after 2019-12-01.
Gem::Specification#rubyforge_project= called from /home/vagrant/.rbenv/versions/2.5.7/lib/ruby/gems/2.5.0/specifications/coffee-script-source-1.12.2.gemspec:16.
NOTE: Gem::Specification#rubyforge_project= is deprecated with no replacement. It will be removed on or after 2019-12-01.
Gem::Specification#rubyforge_project= called from /home/vagrant/.rbenv/versions/2.5.7/lib/ruby/gems/2.5.0/specifications/coffee-rails-4.2.2.gemspec:16.
NOTE: Gem::Specification#rubyforge_project= is deprecated with no replacement. It will be removed on or after 2019-12-01.
Gem::Specification#rubyforge_project= called from /home/vagrant/.rbenv/versions/2.5.7/lib/ruby/gems/2.5.0/specifications/orm_adapter-0.5.0.gemspec:16.
NOTE: Gem::Specification#rubyforge_project= is deprecated with no replacement. It will be removed on or after 2019-12-01.
Gem::Specification#rubyforge_project= called from /home/vagrant/.rbenv/versions/2.5.7/lib/ruby/gems/2.5.0/specifications/warden-1.2.8.gemspec:18.
NOTE: Gem::Specification#rubyforge_project= is deprecated with no replacement. It will be removed on or after 2019-12-01.
Gem::Specification#rubyforge_project= called from /home/vagrant/.rbenv/versions/2.5.7/lib/ruby/gems/2.5.0/specifications/sprockets-3.7.2.gemspec:19.
rake aborted!
NoMethodError: undefined method `default' for #<UserMailer:0x0000000005c08a50>
/home/vagrant/work/second-month/task2-10/app/mailers/user_mailer.rb:15:in `notify_user'
/home/vagrant/work/second-month/task2-10/lib/tasks/mail.rake:4:in `block (2 levels) in <top (required)>'
/home/vagrant/.rbenv/versions/2.5.7/bin/bundle:23:in `load'
/home/vagrant/.rbenv/versions/2.5.7/bin/bundle:23:in `<main>'
Tasks: TOP => mail:sample
(See full trace by running task with --trace)
NOTE: Gem::Specification#rubyforge_project= is deprecated with no replacement. It will be removed on or after 2019-12-01.
Gem::Specification#rubyforge_project= called from /home/vagrant/.rbenv/versions/2.5.7/lib/ruby/gems/2.5.0/specifications/sass-3.7.4.gemspec:21.
NOTE: Gem::Specification#rubyforge_project= is deprecated with no replacement. It will be removed on or after 2019-12-01.
Gem::Specification#rubyforge_project= called from /home/vagrant/.rbenv/versions/2.5.7/lib/ruby/gems/2.5.0/specifications/coderay-1.1.2.gemspec:21.
NOTE: Gem::Specification#rubyforge_project= is deprecated with no replacement. It will be removed on or after 2019-12-01.
Gem::Specification#rubyforge_project= called from /home/vagrant/.rbenv/versions/2.5.7/lib/ruby/gems/2.5.0/specifications/coffee-script-source-1.12.2.gemspec:16.
NOTE: Gem::Specification#rubyforge_project= is deprecated with no replacement. It will be removed on or after 2019-12-01.
Gem::Specification#rubyforge_project= called from /home/vagrant/.rbenv/versions/2.5.7/lib/ruby/gems/2.5.0/specifications/coffee-rails-4.2.2.gemspec:16.
NOTE: Gem::Specification#rubyforge_project= is deprecated with no replacement. It will be removed on or after 2019-12-01.
Gem::Specification#rubyforge_project= called from /home/vagrant/.rbenv/versions/2.5.7/lib/ruby/gems/2.5.0/specifications/orm_adapter-0.5.0.gemspec:16.
NOTE: Gem::Specification#rubyforge_project= is deprecated with no replacement. It will be removed on or after 2019-12-01.
Gem::Specification#rubyforge_project= called from /home/vagrant/.rbenv/versions/2.5.7/lib/ruby/gems/2.5.0/specifications/warden-1.2.8.gemspec:18.
NOTE: Gem::Specification#rubyforge_project= is deprecated with no replacement. It will be removed on or after 2019-12-01.
Gem::Specification#rubyforge_project= called from /home/vagrant/.rbenv/versions/2.5.7/lib/ruby/gems/2.5.0/specifications/sprockets-3.7.2.gemspec:19.
rake aborted!
NoMethodError: undefined method `default' for #<UserMailer:0x00000000047f1378>
/home/vagrant/work/second-month/task2-10/app/mailers/user_mailer.rb:15:in `notify_user'
/home/vagrant/work/second-month/task2-10/lib/tasks/mail.rake:4:in `block (2 levels) in <top (required)>'
/home/vagrant/.rbenv/versions/2.5.7/bin/bundle:23:in `load'
/home/vagrant/.rbenv/versions/2.5.7/bin/bundle:23:in `<main>'
Tasks: TOP => mail:sample
(See full trace by running task with --trace)
NOTE: Gem::Specification#rubyforge_project= is deprecated with no replacement. It will be removed on or after 2019-12-01.
Gem::Specification#rubyforge_project= called from /home/vagrant/.rbenv/versions/2.5.7/lib/ruby/gems/2.5.0/specifications/sass-3.7.4.gemspec:21.
NOTE: Gem::Specification#rubyforge_project= is deprecated with no replacement. It will be removed on or after 2019-12-01.
Gem::Specification#rubyforge_project= called from /home/vagrant/.rbenv/versions/2.5.7/lib/ruby/gems/2.5.0/specifications/coderay-1.1.2.gemspec:21.
NOTE: Gem::Specification#rubyforge_project= is deprecated with no replacement. It will be removed on or after 2019-12-01.
Gem::Specification#rubyforge_project= called from /home/vagrant/.rbenv/versions/2.5.7/lib/ruby/gems/2.5.0/specifications/coffee-script-source-1.12.2.gemspec:16.
NOTE: Gem::Specification#rubyforge_project= is deprecated with no replacement. It will be removed on or after 2019-12-01.
Gem::Specification#rubyforge_project= called from /home/vagrant/.rbenv/versions/2.5.7/lib/ruby/gems/2.5.0/specifications/coffee-rails-4.2.2.gemspec:16.
NOTE: Gem::Specification#rubyforge_project= is deprecated with no replacement. It will be removed on or after 2019-12-01.
Gem::Specification#rubyforge_project= called from /home/vagrant/.rbenv/versions/2.5.7/lib/ruby/gems/2.5.0/specifications/orm_adapter-0.5.0.gemspec:16.
NOTE: Gem::Specification#rubyforge_project= is deprecated with no replacement. It will be removed on or after 2019-12-01.
Gem::Specification#rubyforge_project= called from /home/vagrant/.rbenv/versions/2.5.7/lib/ruby/gems/2.5.0/specifications/warden-1.2.8.gemspec:18.
NOTE: Gem::Specification#rubyforge_project= is deprecated with no replacement. It will be removed on or after 2019-12-01.
Gem::Specification#rubyforge_project= called from /home/vagrant/.rbenv/versions/2.5.7/lib/ruby/gems/2.5.0/specifications/sprockets-3.7.2.gemspec:19.
NOTE: Gem::Specification#rubyforge_project= is deprecated with no replacement. It will be removed on or after 2019-12-01.
Gem::Specification#rubyforge_project= called from /home/vagrant/.rbenv/versions/2.5.7/lib/ruby/gems/2.5.0/specifications/sass-3.7.4.gemspec:21.
NOTE: Gem::Specification#rubyforge_project= is deprecated with no replacement. It will be removed on or after 2019-12-01.
Gem::Specification#rubyforge_project= called from /home/vagrant/.rbenv/versions/2.5.7/lib/ruby/gems/2.5.0/specifications/coderay-1.1.2.gemspec:21.
NOTE: Gem::Specification#rubyforge_project= is deprecated with no replacement. It will be removed on or after 2019-12-01.
Gem::Specification#rubyforge_project= called from /home/vagrant/.rbenv/versions/2.5.7/lib/ruby/gems/2.5.0/specifications/coffee-script-source-1.12.2.gemspec:16.
NOTE: Gem::Specification#rubyforge_project= is deprecated with no replacement. It will be removed on or after 2019-12-01.
Gem::Specification#rubyforge_project= called from /home/vagrant/.rbenv/versions/2.5.7/lib/ruby/gems/2.5.0/specifications/coffee-rails-4.2.2.gemspec:16.
NOTE: Gem::Specification#rubyforge_project= is deprecated with no replacement. It will be removed on or after 2019-12-01.
Gem::Specification#rubyforge_project= called from /home/vagrant/.rbenv/versions/2.5.7/lib/ruby/gems/2.5.0/specifications/orm_adapter-0.5.0.gemspec:16.
NOTE: Gem::Specification#rubyforge_project= is deprecated with no replacement. It will be removed on or after 2019-12-01.
Gem::Specification#rubyforge_project= called from /home/vagrant/.rbenv/versions/2.5.7/lib/ruby/gems/2.5.0/specifications/warden-1.2.8.gemspec:18.
NOTE: Gem::Specification#rubyforge_project= is deprecated with no replacement. It will be removed on or after 2019-12-01.
Gem::Specification#rubyforge_project= called from /home/vagrant/.rbenv/versions/2.5.7/lib/ruby/gems/2.5.0/specifications/sprockets-3.7.2.gemspec:19.
NOTE: Gem::Specification#rubyforge_project= is deprecated with no replacement. It will be removed on or after 2019-12-01.
Gem::Specification#rubyforge_project= called from /home/vagrant/.rbenv/versions/2.5.7/lib/ruby/gems/2.5.0/specifications/sass-3.7.4.gemspec:21.
NOTE: Gem::Specification#rubyforge_project= is deprecated with no replacement. It will be removed on or after 2019-12-01.
Gem::Specification#rubyforge_project= called from /home/vagrant/.rbenv/versions/2.5.7/lib/ruby/gems/2.5.0/specifications/coderay-1.1.2.gemspec:21.
NOTE: Gem::Specification#rubyforge_project= is deprecated with no replacement. It will be removed on or after 2019-12-01.
Gem::Specification#rubyforge_project= called from /home/vagrant/.rbenv/versions/2.5.7/lib/ruby/gems/2.5.0/specifications/coffee-script-source-1.12.2.gemspec:16.
NOTE: Gem::Specification#rubyforge_project= is deprecated with no replacement. It will be removed on or after 2019-12-01.
Gem::Specification#rubyforge_project= called from /home/vagrant/.rbenv/versions/2.5.7/lib/ruby/gems/2.5.0/specifications/coffee-rails-4.2.2.gemspec:16.
NOTE: Gem::Specification#rubyforge_project= is deprecated with no replacement. It will be removed on or after 2019-12-01.
Gem::Specification#rubyforge_project= called from /home/vagrant/.rbenv/versions/2.5.7/lib/ruby/gems/2.5.0/specifications/orm_adapter-0.5.0.gemspec:16.
NOTE: Gem::Specification#rubyforge_project= is deprecated with no replacement. It will be removed on or after 2019-12-01.
Gem::Specification#rubyforge_project= called from /home/vagrant/.rbenv/versions/2.5.7/lib/ruby/gems/2.5.0/specifications/warden-1.2.8.gemspec:18.
NOTE: Gem::Specification#rubyforge_project= is deprecated with no replacement. It will be removed on or after 2019-12-01.
Gem::Specification#rubyforge_project= called from /home/vagrant/.rbenv/versions/2.5.7/lib/ruby/gems/2.5.0/specifications/sprockets-3.7.2.gemspec:19.
NOTE: Gem::Specification#rubyforge_project= is deprecated with no replacement. It will be removed on or after 2019-12-01.
Gem::Specification#rubyforge_project= called from /home/vagrant/.rbenv/versions/2.5.7/lib/ruby/gems/2.5.0/specifications/sass-3.7.4.gemspec:21.
NOTE: Gem::Specification#rubyforge_project= is deprecated with no replacement. It will be removed on or after 2019-12-01.
Gem::Specification#rubyforge_project= called from /home/vagrant/.rbenv/versions/2.5.7/lib/ruby/gems/2.5.0/specifications/coderay-1.1.2.gemspec:21.
NOTE: Gem::Specification#rubyforge_project= is deprecated with no replacement. It will be removed on or after 2019-12-01.
Gem::Specification#rubyforge_project= called from /home/vagrant/.rbenv/versions/2.5.7/lib/ruby/gems/2.5.0/specifications/coffee-script-source-1.12.2.gemspec:16.
NOTE: Gem::Specification#rubyforge_project= is deprecated with no replacement. It will be removed on or after 2019-12-01.
Gem::Specification#rubyforge_project= called from /home/vagrant/.rbenv/versions/2.5.7/lib/ruby/gems/2.5.0/specifications/coffee-rails-4.2.2.gemspec:16.
NOTE: Gem::Specification#rubyforge_project= is deprecated with no replacement. It will be removed on or after 2019-12-01.
Gem::Specification#rubyforge_project= called from /home/vagrant/.rbenv/versions/2.5.7/lib/ruby/gems/2.5.0/specifications/orm_adapter-0.5.0.gemspec:16.
NOTE: Gem::Specification#rubyforge_project= is deprecated with no replacement. It will be removed on or after 2019-12-01.
Gem::Specification#rubyforge_project= called from /home/vagrant/.rbenv/versions/2.5.7/lib/ruby/gems/2.5.0/specifications/warden-1.2.8.gemspec:18.
NOTE: Gem::Specification#rubyforge_project= is deprecated with no replacement. It will be removed on or after 2019-12-01.
Gem::Specification#rubyforge_project= called from /home/vagrant/.rbenv/versions/2.5.7/lib/ruby/gems/2.5.0/specifications/sprockets-3.7.2.gemspec:19.
